<?xml version="1.0" encoding="UTF-8"?>
<testng-results skipped="0" failed="0" ignored="0" total="1" passed="1">
  <reporter-output>
  </reporter-output>
  <suite name="Default suite" duration-ms="27409" started-at="2024-12-23T11:13:01Z" finished-at="2024-12-23T11:13:29Z">
    <groups>
    </groups>
    <test name="Default test" duration-ms="27409" started-at="2024-12-23T11:13:01Z" finished-at="2024-12-23T11:13:29Z">
      <class name="Trigger.TRIGGER">
        <test-method status="PASS" signature="login()[pri:0, instance:Trigger.TRIGGER@490ab905]" name="login" duration-ms="27385" started-at="2024-12-23T11:13:01Z" finished-at="2024-12-23T11:13:29Z">
          <reporter-output>
          </reporter-output>
        </test-method> <!-- login -->
      </class> <!-- Trigger.TRIGGER -->
    </test> <!-- Default test -->
  </suite> <!-- Default suite -->
</testng-results>
